<?xml version="1.0" encoding="UTF-8"?>
<!-- Generated by org.testng.reporters.JUnitReportReporter -->
<testsuite hostname="DESKTOP-K6N65P3" failures="0" tests="3" name="TestNGPack.PriorityDemo" time="0.073" errors="0" timestamp="2022-04-21T09:55:10 IST" skipped="1">
  <testcase classname="TestNGPack.PriorityDemo" name="C" time="0.062"/>
  <system-out/>
  <testcase classname="TestNGPack.PriorityDemo" name="B" time="0.011"/>
  <system-out/>
  <testcase classname="TestNGPack.PriorityDemo" name="A">
    <skipped/>
  </testcase> <!-- A -->
  <system-out/>
</testsuite> <!-- TestNGPack.PriorityDemo -->
