<?xml version="1.0" encoding="UTF-8"?>
<!-- Generated by org.testng.reporters.JUnitReportReporter -->
<testsuite hostname="DESKTOP-K6N65P3" failures="0" tests="3" name="TestNGPack.AnnotationDemo" time="0.088" errors="0" timestamp="2022-04-21T10:10:32 IST" skipped="0">
  <testcase classname="TestNGPack.AnnotationDemo" name="login" time="0.041"/>
  <system-out/>
  <testcase classname="TestNGPack.AnnotationDemo" name="addproduct" time="0.034"/>
  <system-out/>
  <testcase classname="TestNGPack.AnnotationDemo" name="logout" time="0.013"/>
  <system-out/>
</testsuite> <!-- TestNGPack.AnnotationDemo -->
