<?xml version="1.0" encoding="UTF-8"?>
<!-- Generated by org.testng.reporters.JUnitReportReporter -->
<testsuite hostname="DESKTOP-K6N65P3" failures="0" tests="1" name="PriorityDemo" time="0.025" errors="0" timestamp="2022-04-21T09:38:29 IST" skipped="0">
  <testcase classname="PriorityDemo" name="test1" time="0.025"/>
  <system-out/>
</testsuite> <!-- PriorityDemo -->
