<?xml version="1.0" encoding="UTF-8"?>
<!-- Generated by org.testng.reporters.JUnitReportReporter -->
<testsuite hostname="DESKTOP-K6N65P3" failures="0" tests="1" name="TestNGPack.DemoClassParam" time="16.145" errors="0" timestamp="2022-04-25T22:40:23 IST" skipped="0">
  <testcase classname="TestNGPack.DemoClassParam" name="login" time="16.145"/>
  <system-out/>
</testsuite> <!-- TestNGPack.DemoClassParam -->
